mode: set
go-proxy/main.go:44.13,61.2 7 0
go-proxy/main.go:75.59,79.33 2 1
go-proxy/main.go:79.33,82.3 2 1
go-proxy/main.go:85.2,86.16 2 1
go-proxy/main.go:86.16,89.3 2 0
go-proxy/main.go:92.2,92.59 1 1
go-proxy/main.go:92.59,95.3 2 1
go-proxy/main.go:98.2,100.16 3 1
go-proxy/main.go:100.16,103.3 2 0
go-proxy/main.go:106.2,106.40 1 1
go-proxy/main.go:106.40,108.3 1 1
go-proxy/main.go:111.2,112.16 2 1
go-proxy/main.go:112.16,115.3 2 0
go-proxy/main.go:116.2,120.16 3 1
go-proxy/main.go:120.16,123.3 2 0
go-proxy/main.go:126.2,127.39 2 1
go-proxy/main.go:127.39,129.3 1 1
go-proxy/main.go:131.2,146.41 7 1
